{"message":"launching the url","level":"info"}
{"message":"Customer Button is clicked","level":"info"}
{"message":"Harry Potter is selected","level":"info"}
{"message":"Inside user HarryPotter page","level":"info"}
{"message":"validation is done for account 1004,1005,1006","level":"info"}
{"message":"inside transaction page","level":"info"}
{"message":"Returned to Harrypotter user page","level":"info"}
{"message":"Deposit button is clicked","level":"info"}
{"message":"amount entered in amount to be deposited field","level":"info"}
{"message":"amount submitted","level":"info"}
{"message":"launching the url","level":"info"}
{"message":"Customer Button is clicked","level":"info"}
{"message":"Harry Potter is selected","level":"info"}
{"message":"Inside user HarryPotter page","level":"info"}
{"message":"validation is done for account 1004,1005,1006","level":"info"}
{"message":"inside transaction page","level":"info"}
{"message":"Returned to Harrypotter user page","level":"info"}
{"message":"Deposit button is clicked","level":"info"}
{"message":"amount entered in amount to be deposited field","level":"info"}
{"message":"amount submitted","level":"info"}
{"message":"launching the url","level":"info"}
{"message":"Customer Button is clicked","level":"info"}
{"message":"Harry Potter is selected","level":"info"}
{"message":"Inside user HarryPotter page","level":"info"}
{"message":"validation is done for account 1004,1005,1006","level":"info"}
{"message":"inside transaction page","level":"info"}
{"message":"Returned to Harrypotter user page","level":"info"}
{"message":"Deposit button is clicked","level":"info"}
{"message":"amount entered in amount to be deposited field","level":"info"}
{"message":"amount submitted","level":"info"}
{"message":"Clicking on Transaction page","level":"info"}
{"message":"launching the url","level":"info"}
{"message":"Customer Button is clicked","level":"info"}
{"message":"Harry Potter is selected","level":"info"}
{"message":"Inside user HarryPotter page","level":"info"}
{"message":"validation is done for account 1004,1005,1006","level":"info"}
{"message":"inside transaction page","level":"info"}
{"message":"Returned to Harrypotter user page","level":"info"}
{"message":"Deposit button is clicked","level":"info"}
{"message":"amount entered in amount to be deposited field","level":"info"}
{"message":"amount submitted","level":"info"}
{"message":"Clicking on Transaction page","level":"info"}
{"message":"launching the url","level":"info"}
{"message":"Customer Button is clicked","level":"info"}
{"message":"Harry Potter is selected","level":"info"}
{"message":"Inside user HarryPotter page","level":"info"}
{"message":"validation is done for account 1004,1005,1006","level":"info"}
{"message":"inside transaction page","level":"info"}
{"message":"Returned to Harrypotter user page","level":"info"}
{"message":"Deposit button is clicked","level":"info"}
{"message":"amount entered in amount to be deposited field","level":"info"}
{"message":"amount submitted","level":"info"}
{"message":"Clicking on Transaction page","level":"info"}
{"message":"launching the url","level":"info"}
{"message":"Customer Button is clicked","level":"info"}
{"message":"Harry Potter is selected","level":"info"}
{"message":"Inside user HarryPotter page","level":"info"}
{"message":"validation is done for account 1004,1005,1006","level":"info"}
{"message":"inside transaction page","level":"info"}
{"message":"Returned to Harrypotter user page","level":"info"}
{"message":"Deposit button is clicked","level":"info"}
{"message":"amount entered in amount to be deposited field","level":"info"}
{"message":"amount submitted","level":"info"}
{"message":"Clicking on Transaction page","level":"info"}
{"message":"Amount Validated","level":"info"}
{"message":"returning to page","level":"info"}
{"message":"clicking on Withdrawl page","level":"info"}
{"message":"launching the url","level":"info"}
{"message":"Customer Button is clicked","level":"info"}
{"message":"Harry Potter is selected","level":"info"}
{"message":"Inside user HarryPotter page","level":"info"}
{"message":"validation is done for account 1004,1005,1006","level":"info"}
{"message":"inside transaction page","level":"info"}
{"message":"Returned to Harrypotter user page","level":"info"}
{"message":"Deposit button is clicked","level":"info"}
{"message":"amount entered in amount to be deposited field","level":"info"}
{"message":"amount submitted","level":"info"}
{"message":"Clicking on Transaction page","level":"info"}
{"message":"Amount Validated","level":"info"}
{"message":"returning to page","level":"info"}
{"message":"clicking on Withdrawl page","level":"info"}
{"message":"Amount entered withdrawl field","level":"info"}
{"message":"withdrawl button is clicked","level":"info"}
{"message":"Error msg is displayed","level":"info"}
{"message":"launching the url","level":"info"}
{"message":"Customer Button is clicked","level":"info"}
{"message":"Harry Potter is selected","level":"info"}
{"message":"Inside user HarryPotter page","level":"info"}
{"message":"validation is done for account 1004,1005,1006","level":"info"}
{"message":"inside transaction page","level":"info"}
{"message":"Returned to Harrypotter user page","level":"info"}
{"message":"Deposit button is clicked","level":"info"}
{"message":"amount entered in amount to be deposited field","level":"info"}
{"message":"amount submitted","level":"info"}
{"message":"Clicking on Transaction page","level":"info"}
{"message":"Amount Validated","level":"info"}
{"message":"returning to page","level":"info"}
{"message":"clicking on Withdrawl page","level":"info"}
{"message":"Amount entered withdrawl field","level":"info"}
{"message":"withdrawl button is clicked","level":"info"}
{"message":"Error msg is displayed","level":"info"}
{"message":"valid amount entered in withdrawl field","level":"info"}
{"message":"launching the url","level":"info"}
{"message":"Customer Button is clicked","level":"info"}
{"message":"Harry Potter is selected","level":"info"}
{"message":"Inside user HarryPotter page","level":"info"}
{"message":"validation is done for account 1004,1005,1006","level":"info"}
{"message":"inside transaction page","level":"info"}
{"message":"Returned to Harrypotter user page","level":"info"}
{"message":"Deposit button is clicked","level":"info"}
{"message":"amount entered in amount to be deposited field","level":"info"}
{"message":"amount submitted","level":"info"}
{"message":"Clicking on Transaction page","level":"info"}
{"message":"Amount Validated","level":"info"}
{"message":"returning to page","level":"info"}
{"message":"clicking on Withdrawl page","level":"info"}
{"message":"Amount entered withdrawl field","level":"info"}
{"message":"withdrawl button is clicked","level":"info"}
{"message":"Error msg is displayed","level":"info"}
{"message":"valid amount entered in withdrawl field","level":"info"}
{"message":"launching the url","level":"info"}
{"message":"Customer Button is clicked","level":"info"}
{"message":"Harry Potter is selected","level":"info"}
{"message":"Inside user HarryPotter page","level":"info"}
{"message":"validation is done for account 1004,1005,1006","level":"info"}
{"message":"inside transaction page","level":"info"}
{"message":"Returned to Harrypotter user page","level":"info"}
{"message":"Deposit button is clicked","level":"info"}
{"message":"amount entered in amount to be deposited field","level":"info"}
{"message":"amount submitted","level":"info"}
{"message":"Clicking on Transaction page","level":"info"}
{"message":"Amount Validated","level":"info"}
{"message":"returning to page","level":"info"}
{"message":"clicking on Withdrawl page","level":"info"}
{"message":"Amount entered withdrawl field","level":"info"}
{"message":"withdrawl button is clicked","level":"info"}
{"message":"Error msg is displayed","level":"info"}
{"message":"valid amount entered in withdrawl field","level":"info"}
{"message":"launching the url","level":"info"}
{"message":"Customer Button is clicked","level":"info"}
{"message":"Harry Potter is selected","level":"info"}
{"message":"Inside user HarryPotter page","level":"info"}
{"message":"validation is done for account 1004,1005,1006","level":"info"}
{"message":"inside transaction page","level":"info"}
{"message":"Returned to Harrypotter user page","level":"info"}
{"message":"Deposit button is clicked","level":"info"}
{"message":"amount entered in amount to be deposited field","level":"info"}
{"message":"amount submitted","level":"info"}
{"message":"Clicking on Transaction page","level":"info"}
{"message":"Amount Validated","level":"info"}
{"message":"returning to page","level":"info"}
{"message":"clicking on Withdrawl page","level":"info"}
{"message":"Amount entered withdrawl field","level":"info"}
{"message":"withdrawl button is clicked","level":"info"}
{"message":"Error msg is displayed","level":"info"}
{"message":"valid amount entered in withdrawl field","level":"info"}
{"message":"withdrawl button is clicked","level":"info"}
{"message":"Transaction successful","level":"info"}
{"message":"launching the url","level":"info"}
{"message":"Customer Button is clicked","level":"info"}
{"message":"Harry Potter is selected","level":"info"}
{"message":"Inside user HarryPotter page","level":"info"}
{"message":"validation is done for account 1004,1005,1006","level":"info"}
{"message":"inside transaction page","level":"info"}
{"message":"Returned to Harrypotter user page","level":"info"}
{"message":"Deposit button is clicked","level":"info"}
{"message":"amount entered in amount to be deposited field","level":"info"}
{"message":"amount submitted","level":"info"}
{"message":"Clicking on Transaction page","level":"info"}
{"message":"launching the url","level":"info"}
{"message":"Customer Button is clicked","level":"info"}
{"message":"Harry Potter is selected","level":"info"}
{"message":"Inside user HarryPotter page","level":"info"}
{"message":"validation is done for account 1004,1005,1006","level":"info"}
{"message":"inside transaction page","level":"info"}
{"message":"Returned to Harrypotter user page","level":"info"}
{"message":"Deposit button is clicked","level":"info"}
{"message":"amount entered in amount to be deposited field","level":"info"}
{"message":"amount submitted","level":"info"}
{"message":"Clicking on Transaction page","level":"info"}
{"message":"Amount Validated","level":"info"}
{"message":"returning to page","level":"info"}
{"message":"clicking on Withdrawl page","level":"info"}
{"message":"Amount entered withdrawl field","level":"info"}
{"message":"withdrawl button is clicked","level":"info"}
{"message":"Error msg is displayed","level":"info"}
{"message":"valid amount entered in withdrawl field","level":"info"}
{"message":"withdrawl button is clicked","level":"info"}
{"message":"Transaction successful","level":"info"}
{"message":"launching the url","level":"info"}
{"message":"Customer Button is clicked","level":"info"}
{"message":"Harry Potter is selected","level":"info"}
{"message":"Inside user HarryPotter page","level":"info"}
{"message":"validation is done for account 1004,1005,1006","level":"info"}
{"message":"inside transaction page","level":"info"}
{"message":"Returned to Harrypotter user page","level":"info"}
{"message":"Deposit button is clicked","level":"info"}
{"message":"amount entered in amount to be deposited field","level":"info"}
{"message":"amount submitted","level":"info"}
{"message":"Clicking on Transaction page","level":"info"}
{"message":"Amount Validated","level":"info"}
{"message":"returning to page","level":"info"}
{"message":"clicking on Withdrawl page","level":"info"}
{"message":"Amount entered withdrawl field","level":"info"}
{"message":"withdrawl button is clicked","level":"info"}
{"message":"Error msg is displayed","level":"info"}
{"message":"valid amount entered in withdrawl field","level":"info"}
{"message":"withdrawl button is clicked","level":"info"}
{"message":"Transaction successful","level":"info"}
{"message":"Transaction page is clicked","level":"info"}
{"message":"launching the url","level":"info"}
{"message":"Customer Button is clicked","level":"info"}
{"message":"Harry Potter is selected","level":"info"}
{"message":"Inside user HarryPotter page","level":"info"}
{"message":"validation is done for account 1004,1005,1006","level":"info"}
{"message":"inside transaction page","level":"info"}
{"message":"Returned to Harrypotter user page","level":"info"}
{"message":"Deposit button is clicked","level":"info"}
{"message":"amount entered in amount to be deposited field","level":"info"}
{"message":"amount submitted","level":"info"}
{"message":"Clicking on Transaction page","level":"info"}
{"message":"Amount Validated","level":"info"}
{"message":"returning to page","level":"info"}
{"message":"clicking on Withdrawl page","level":"info"}
{"message":"Amount entered withdrawl field","level":"info"}
{"message":"withdrawl button is clicked","level":"info"}
{"message":"Error msg is displayed","level":"info"}
{"message":"valid amount entered in withdrawl field","level":"info"}
{"message":"withdrawl button is clicked","level":"info"}
{"message":"Transaction successful","level":"info"}
{"message":"Transaction page is clicked","level":"info"}
{"message":"launching the url","level":"info"}
{"message":"Customer Button is clicked","level":"info"}
{"message":"Harry Potter is selected","level":"info"}
{"message":"Inside user HarryPotter page","level":"info"}
{"message":"validation is done for account 1004,1005,1006","level":"info"}
{"message":"inside transaction page","level":"info"}
{"message":"Returned to Harrypotter user page","level":"info"}
{"message":"Deposit button is clicked","level":"info"}
{"message":"amount entered in amount to be deposited field","level":"info"}
{"message":"amount submitted","level":"info"}
{"message":"Clicking on Transaction page","level":"info"}
{"message":"Amount Validated","level":"info"}
{"message":"returning to page","level":"info"}
{"message":"clicking on Withdrawl page","level":"info"}
{"message":"Amount entered withdrawl field","level":"info"}
{"message":"withdrawl button is clicked","level":"info"}
{"message":"Error msg is displayed","level":"info"}
{"message":"valid amount entered in withdrawl field","level":"info"}
{"message":"withdrawl button is clicked","level":"info"}
{"message":"Transaction successful","level":"info"}
{"message":"Transaction page is clicked","level":"info"}
{"message":"launching the url","level":"info"}
{"message":"Customer Button is clicked","level":"info"}
{"message":"Harry Potter is selected","level":"info"}
{"message":"Inside user HarryPotter page","level":"info"}
{"message":"validation is done for account 1004,1005,1006","level":"info"}
{"message":"inside transaction page","level":"info"}
{"message":"Returned to Harrypotter user page","level":"info"}
{"message":"Deposit button is clicked","level":"info"}
{"message":"amount entered in amount to be deposited field","level":"info"}
{"message":"amount submitted","level":"info"}
{"message":"Clicking on Transaction page","level":"info"}
{"message":"Amount Validated","level":"info"}
{"message":"returning to page","level":"info"}
{"message":"clicking on Withdrawl page","level":"info"}
{"message":"Amount entered withdrawl field","level":"info"}
{"message":"withdrawl button is clicked","level":"info"}
{"message":"Error msg is displayed","level":"info"}
{"message":"valid amount entered in withdrawl field","level":"info"}
{"message":"withdrawl button is clicked","level":"info"}
{"message":"Transaction successful","level":"info"}
{"message":"Transaction page is clicked","level":"info"}
{"message":"launching the url","level":"info"}
{"message":"Customer Button is clicked","level":"info"}
{"message":"Harry Potter is selected","level":"info"}
{"message":"Inside user HarryPotter page","level":"info"}
{"message":"validation is done for account 1004,1005,1006","level":"info"}
{"message":"inside transaction page","level":"info"}
{"message":"Returned to Harrypotter user page","level":"info"}
{"message":"Deposit button is clicked","level":"info"}
{"message":"amount entered in amount to be deposited field","level":"info"}
{"message":"amount submitted","level":"info"}
{"message":"Clicking on Transaction page","level":"info"}
{"message":"Amount Validated","level":"info"}
{"message":"returning to page","level":"info"}
{"message":"clicking on Withdrawl page","level":"info"}
{"message":"Amount entered withdrawl field","level":"info"}
{"message":"withdrawl button is clicked","level":"info"}
{"message":"Error msg is displayed","level":"info"}
{"message":"valid amount entered in withdrawl field","level":"info"}
{"message":"withdrawl button is clicked","level":"info"}
{"message":"Transaction successful","level":"info"}
{"message":"Transaction page is clicked","level":"info"}
{"message":"launching the url","level":"info"}
{"message":"Customer Button is clicked","level":"info"}
{"message":"Harry Potter is selected","level":"info"}
{"message":"Inside user HarryPotter page","level":"info"}
{"message":"validation is done for account 1004,1005,1006","level":"info"}
{"message":"inside transaction page","level":"info"}
{"message":"Returned to Harrypotter user page","level":"info"}
{"message":"Deposit button is clicked","level":"info"}
{"message":"amount entered in amount to be deposited field","level":"info"}
{"message":"amount submitted","level":"info"}
{"message":"Clicking on Transaction page","level":"info"}
{"message":"Amount Validated","level":"info"}
{"message":"returning to page","level":"info"}
{"message":"clicking on Withdrawl page","level":"info"}
{"message":"Amount entered withdrawl field","level":"info"}
{"message":"withdrawl button is clicked","level":"info"}
{"message":"Error msg is displayed","level":"info"}
{"message":"valid amount entered in withdrawl field","level":"info"}
{"message":"withdrawl button is clicked","level":"info"}
{"message":"Transaction successful","level":"info"}
{"message":"Transaction page is clicked","level":"info"}
{"message":"launching the url","level":"info"}
{"message":"Customer Button is clicked","level":"info"}
{"message":"Harry Potter is selected","level":"info"}
{"message":"Inside user HarryPotter page","level":"info"}
{"message":"validation is done for account 1004,1005,1006","level":"info"}
{"message":"inside transaction page","level":"info"}
{"message":"Returned to Harrypotter user page","level":"info"}
{"message":"Deposit button is clicked","level":"info"}
{"message":"amount entered in amount to be deposited field","level":"info"}
{"message":"amount submitted","level":"info"}
{"message":"Clicking on Transaction page","level":"info"}
{"message":"Amount Validated","level":"info"}
{"message":"returning to page","level":"info"}
{"message":"clicking on Withdrawl page","level":"info"}
{"message":"Amount entered withdrawl field","level":"info"}
{"message":"withdrawl button is clicked","level":"info"}
{"message":"Error msg is displayed","level":"info"}
{"message":"valid amount entered in withdrawl field","level":"info"}
{"message":"withdrawl button is clicked","level":"info"}
{"message":"Transaction successful","level":"info"}
{"message":"Transaction page is clicked","level":"info"}
{"message":"launching the url","level":"info"}
{"message":"Customer Button is clicked","level":"info"}
{"message":"Harry Potter is selected","level":"info"}
{"message":"launching the url","level":"info"}
{"message":"Customer Button is clicked","level":"info"}
{"message":"Harry Potter is selected","level":"info"}
{"message":"Inside user HarryPotter page","level":"info"}
{"message":"validation is done for account 1004,1005,1006","level":"info"}
{"message":"inside transaction page","level":"info"}
{"message":"Returned to Harrypotter user page","level":"info"}
{"message":"Deposit button is clicked","level":"info"}
{"message":"amount entered in amount to be deposited field","level":"info"}
{"message":"amount submitted","level":"info"}
{"message":"Clicking on Transaction page","level":"info"}
{"message":"Amount Validated","level":"info"}
{"message":"returning to page","level":"info"}
{"message":"clicking on Withdrawl page","level":"info"}
{"message":"Amount entered withdrawl field","level":"info"}
{"message":"withdrawl button is clicked","level":"info"}
{"message":"Error msg is displayed","level":"info"}
{"message":"valid amount entered in withdrawl field","level":"info"}
{"message":"withdrawl button is clicked","level":"info"}
{"message":"Transaction successful","level":"info"}
{"message":"Transaction page is clicked","level":"info"}
{"message":"launching the url","level":"info"}
{"message":"Customer Button is clicked","level":"info"}
{"message":"Harry Potter is selected","level":"info"}
{"message":"launching the url","level":"info"}
{"message":"Customer Button is clicked","level":"info"}
{"message":"Harry Potter is selected","level":"info"}
{"message":"validation is done for account 1004,1005,1006","level":"info"}
{"message":"launching the url","level":"info"}
{"message":"Customer Button is clicked","level":"info"}
{"message":"Harry Potter is selected","level":"info"}
{"message":"validation is done for account 1004,1005,1006","level":"info"}
{"message":"launching the url","level":"info"}
{"message":"Customer Button is clicked","level":"info"}
{"message":"Harry Potter is selected","level":"info"}
{"message":"launching the url","level":"info"}
{"message":"Customer Button is clicked","level":"info"}
{"message":"Harry Potter is selected","level":"info"}
{"message":"validation is done for account 1004,1005,1006","level":"info"}
{"message":"inside transaction page","level":"info"}
{"message":"Returned to Harrypotter user page","level":"info"}
{"message":"Deposit button is clicked","level":"info"}
{"message":"amount entered in amount to be deposited field","level":"info"}
{"message":"amount submitted","level":"info"}
{"message":"Clicking on Transaction page","level":"info"}
{"message":"Amount Validated","level":"info"}
{"message":"returning to page","level":"info"}
{"message":"clicking on Withdrawl page","level":"info"}
{"message":"Amount entered withdrawl field","level":"info"}
{"message":"withdrawl button is clicked","level":"info"}
{"message":"Error msg is displayed","level":"info"}
{"message":"valid amount entered in withdrawl field","level":"info"}
{"message":"withdrawl button is clicked","level":"info"}
{"message":"Transaction successful","level":"info"}
{"message":"Transaction page is clicked","level":"info"}
{"message":"launching the url","level":"info"}
{"message":"Customer Button is clicked","level":"info"}
{"message":"Harry Potter is selected","level":"info"}
{"message":"validation is done for account 1004,1005,1006","level":"info"}
{"message":"inside transaction page","level":"info"}
{"message":"Returned to Harrypotter user page","level":"info"}
{"message":"Deposit button is clicked","level":"info"}
{"message":"amount entered in amount to be deposited field","level":"info"}
{"message":"amount submitted","level":"info"}
{"message":"Clicking on Transaction page","level":"info"}
{"message":"Amount Validated","level":"info"}
{"message":"returning to page","level":"info"}
{"message":"clicking on Withdrawl page","level":"info"}
{"message":"Amount entered withdrawl field","level":"info"}
{"message":"withdrawl button is clicked","level":"info"}
{"message":"Error msg is displayed","level":"info"}
{"message":"clicking on Withdrawl page","level":"info"}
{"message":"valid amount entered in withdrawl field","level":"info"}
{"message":"withdrawl button is clicked","level":"info"}
{"message":"Transaction successful","level":"info"}
{"message":"Transaction page is clicked","level":"info"}
{"message":"launching the url","level":"info"}
{"message":"Customer Button is clicked","level":"info"}
{"message":"Harry Potter is selected","level":"info"}
{"message":"validation is done for account 1004,1005,1006","level":"info"}
{"message":"inside transaction page","level":"info"}
{"message":"Returned to Harrypotter user page","level":"info"}
{"message":"Deposit button is clicked","level":"info"}
{"message":"amount entered in amount to be deposited field","level":"info"}
{"message":"amount submitted","level":"info"}
{"message":"Clicking on Transaction page","level":"info"}
{"message":"Amount Validated","level":"info"}
{"message":"returning to page","level":"info"}
{"message":"clicking on Withdrawl page","level":"info"}
{"message":"Amount entered withdrawl field","level":"info"}
{"message":"withdrawl button is clicked","level":"info"}
{"message":"Error msg is displayed","level":"info"}
{"message":"clicking on Withdrawl page","level":"info"}
{"message":"valid amount entered in withdrawl field","level":"info"}
{"message":"withdrawl button is clicked","level":"info"}
{"message":"Transaction successful","level":"info"}
{"message":"Transaction page is clicked","level":"info"}
{"message":"Transaction page is clicked","level":"info"}
{"message":"launching the url","level":"info"}
{"message":"Customer Button is clicked","level":"info"}
{"message":"Harry Potter is selected","level":"info"}
{"message":"validation is done for account 1004,1005,1006","level":"info"}
{"message":"inside transaction page","level":"info"}
{"message":"Returned to Harrypotter user page","level":"info"}
{"message":"Deposit button is clicked","level":"info"}
{"message":"amount entered in amount to be deposited field","level":"info"}
{"message":"amount submitted","level":"info"}
{"message":"Clicking on Transaction page","level":"info"}
{"message":"Amount Validated","level":"info"}
{"message":"returning to page","level":"info"}
{"message":"clicking on Withdrawl page","level":"info"}
{"message":"Amount entered withdrawl field","level":"info"}
{"message":"withdrawl button is clicked","level":"info"}
{"message":"Error msg is displayed","level":"info"}
{"message":"clicking on Withdrawl page","level":"info"}
{"message":"valid amount entered in withdrawl field","level":"info"}
{"message":"withdrawl button is clicked","level":"info"}
{"message":"Transaction successful","level":"info"}
{"message":"Transaction page is clicked","level":"info"}
{"message":"Transaction page is clicked","level":"info"}
{"message":"launching the url","level":"info"}
{"message":"Customer Button is clicked","level":"info"}
{"message":"Harry Potter is selected","level":"info"}
{"message":"validation is done for account 1004,1005,1006","level":"info"}
{"message":"inside transaction page","level":"info"}
{"message":"Returned to Harrypotter user page","level":"info"}
{"message":"Deposit button is clicked","level":"info"}
{"message":"amount entered in amount to be deposited field","level":"info"}
{"message":"amount submitted","level":"info"}
{"message":"Clicking on Transaction page","level":"info"}
{"message":"Amount Validated","level":"info"}
{"message":"returning to page","level":"info"}
{"message":"clicking on Withdrawl page","level":"info"}
{"message":"Amount entered withdrawl field","level":"info"}
{"message":"withdrawl button is clicked","level":"info"}
{"message":"Error msg is displayed","level":"info"}
{"message":"clicking on Withdrawl page","level":"info"}
{"message":"valid amount entered in withdrawl field","level":"info"}
{"message":"withdrawl button is clicked","level":"info"}
{"message":"Transaction successful","level":"info"}
{"message":"Transaction page is clicked","level":"info"}
{"message":"launching the url","level":"info"}
{"message":"Customer Button is clicked","level":"info"}
{"message":"Harry Potter is selected","level":"info"}
{"message":"validation is done for account 1004,1005,1006","level":"info"}
{"message":"inside transaction page","level":"info"}
{"message":"Returned to Harrypotter user page","level":"info"}
{"message":"Deposit button is clicked","level":"info"}
{"message":"amount entered in amount to be deposited field","level":"info"}
{"message":"amount submitted","level":"info"}
{"message":"Clicking on Transaction page","level":"info"}
{"message":"Amount Validated","level":"info"}
{"message":"returning to page","level":"info"}
{"message":"clicking on Withdrawl page","level":"info"}
{"message":"Amount entered withdrawl field","level":"info"}
{"message":"withdrawl button is clicked","level":"info"}
{"message":"Error msg is displayed","level":"info"}
{"message":"clicking on Withdrawl page","level":"info"}
{"message":"valid amount entered in withdrawl field","level":"info"}
{"message":"withdrawl button is clicked","level":"info"}
{"message":"Transaction successful","level":"info"}
{"message":"Transaction page is clicked","level":"info"}
{"message":"launching the url","level":"info"}
{"message":"Manager button is clicked","level":"info"}
{"message":"Add Customer Button is Clicked","level":"info"}
{"message":"launching the url","level":"info"}
{"message":"Manager button is clicked","level":"info"}
{"message":"launching the url","level":"info"}
{"message":"Manager button is clicked","level":"info"}
{"message":"Add Customer Button is Clicked","level":"info"}
{"message":"First name added","level":"info"}
{"message":"Last name added","level":"info"}
{"message":"Post Code added","level":"info"}
{"message":"launching the url","level":"info"}
{"message":"Manager button is clicked","level":"info"}
{"message":"Add Customer Button is Clicked","level":"info"}
{"message":"First name added","level":"info"}
{"message":"Last name added","level":"info"}
{"message":"Post Code added","level":"info"}
{"message":"launching the url","level":"info"}
{"message":"Manager button is clicked","level":"info"}
{"message":"Add Customer Button is Clicked","level":"info"}
{"message":"First name added","level":"info"}
{"message":"Last name added","level":"info"}
{"message":"Post Code added","level":"info"}
{"message":"launching the url","level":"info"}
{"message":"Manager button is clicked","level":"info"}
{"message":"Add Customer Button is Clicked","level":"info"}
{"message":"First name added","level":"info"}
{"message":"Last name added","level":"info"}
{"message":"Post Code added","level":"info"}
{"message":"launching the url","level":"info"}
{"message":"Manager button is clicked","level":"info"}
{"message":"Add Customer Button is Clicked","level":"info"}
{"message":"First name added","level":"info"}
{"message":"Last name added","level":"info"}
{"message":"Post Code added","level":"info"}
{"message":"Open Account Button is clicked","level":"info"}
{"message":"launching the url","level":"info"}
{"message":"Manager button is clicked","level":"info"}
{"message":"Add Customer Button is Clicked","level":"info"}
{"message":"First name added","level":"info"}
{"message":"Last name added","level":"info"}
{"message":"Post Code added","level":"info"}
{"message":"Open Account Button is clicked","level":"info"}
{"message":"launching the url","level":"info"}
{"message":"Manager button is clicked","level":"info"}
{"message":"Add Customer Button is Clicked","level":"info"}
{"message":"First name added","level":"info"}
{"message":"Last name added","level":"info"}
{"message":"Post Code added","level":"info"}
{"message":"Open Account Button is clicked","level":"info"}
{"message":"launching the url","level":"info"}
{"message":"Manager button is clicked","level":"info"}
{"message":"Add Customer Button is Clicked","level":"info"}
{"message":"First name added","level":"info"}
{"message":"Last name added","level":"info"}
{"message":"Post Code added","level":"info"}
{"message":"Open Account Button is clicked","level":"info"}
{"message":"launching the url","level":"info"}
{"message":"Manager button is clicked","level":"info"}
{"message":"Add Customer Button is Clicked","level":"info"}
{"message":"First name added","level":"info"}
{"message":"Last name added","level":"info"}
{"message":"Post Code added","level":"info"}
{"message":"Open Account Button is clicked","level":"info"}
{"message":"launching the url","level":"info"}
{"message":"Manager button is clicked","level":"info"}
{"message":"Add Customer Button is Clicked","level":"info"}
{"message":"First name added","level":"info"}
{"message":"Last name added","level":"info"}
{"message":"Post Code added","level":"info"}
{"message":"Open Account Button is clicked","level":"info"}
{"message":"launching the url","level":"info"}
{"message":"Manager button is clicked","level":"info"}
{"message":"Add Customer Button is Clicked","level":"info"}
{"message":"First name added","level":"info"}
{"message":"Last name added","level":"info"}
{"message":"Post Code added","level":"info"}
{"message":"Open Account Button is clicked","level":"info"}
{"message":"launching the url","level":"info"}
{"message":"Manager button is clicked","level":"info"}
{"message":"Add Customer Button is Clicked","level":"info"}
{"message":"First name added","level":"info"}
{"message":"Last name added","level":"info"}
{"message":"Post Code added","level":"info"}
{"message":"Open Account Button is clicked","level":"info"}
{"message":"launching the url","level":"info"}
{"message":"Manager button is clicked","level":"info"}
{"message":"Add Customer Button is Clicked","level":"info"}
{"message":"First name added","level":"info"}
{"message":"Last name added","level":"info"}
{"message":"Post Code added","level":"info"}
{"message":"Open Account Button is clicked","level":"info"}
{"message":"launching the url","level":"info"}
{"message":"Manager button is clicked","level":"info"}
{"message":"Add Customer Button is Clicked","level":"info"}
{"message":"First name added","level":"info"}
{"message":"Last name added","level":"info"}
{"message":"Post Code added","level":"info"}
{"message":"Open Account Button is clicked","level":"info"}
{"message":"launching the url","level":"info"}
{"message":"Manager button is clicked","level":"info"}
{"message":"Add Customer Button is Clicked","level":"info"}
{"message":"First name added","level":"info"}
{"message":"Last name added","level":"info"}
{"message":"Post Code added","level":"info"}
{"message":"Open Account Button is clicked","level":"info"}
{"message":"launching the url","level":"info"}
{"message":"Manager button is clicked","level":"info"}
{"message":"Add Customer Button is Clicked","level":"info"}
{"message":"First name added","level":"info"}
{"message":"Last name added","level":"info"}
{"message":"Post Code added","level":"info"}
{"message":"Open Account Button is clicked","level":"info"}
{"message":"launching the url","level":"info"}
{"message":"Manager button is clicked","level":"info"}
{"message":"Add Customer Button is Clicked","level":"info"}
{"message":"First name added","level":"info"}
{"message":"Last name added","level":"info"}
{"message":"Post Code added","level":"info"}
{"message":"Open Account Button is clicked","level":"info"}
{"message":"Open Account Button is clicked","level":"info"}
{"message":"Open Account Button is clicked","level":"info"}
{"message":"launching the url","level":"info"}
{"message":"Manager button is clicked","level":"info"}
{"message":"Add Customer Button is Clicked","level":"info"}
{"message":"First name added","level":"info"}
{"message":"Last name added","level":"info"}
{"message":"Post Code added","level":"info"}
{"message":"Open Account Button is clicked","level":"info"}
{"message":"Open Account Button is clicked","level":"info"}
{"message":"Open Account Button is clicked","level":"info"}
{"message":"Iside Customers Page","level":"info"}
{"message":"Customer details found","level":"info"}
{"message":"launching the url","level":"info"}
{"message":"Manager button is clicked","level":"info"}
{"message":"Add Customer Button is Clicked","level":"info"}
{"message":"First name added","level":"info"}
{"message":"Last name added","level":"info"}
{"message":"Post Code added","level":"info"}
{"message":"Open Account Button is clicked","level":"info"}
{"message":"Open Account Button is clicked","level":"info"}
{"message":"Open Account Button is clicked","level":"info"}
{"message":"Iside Customers Page","level":"info"}
{"message":"Customer details found","level":"info"}
{"message":"launching the url","level":"info"}
{"message":"Manager button is clicked","level":"info"}
{"message":"Add Customer Button is Clicked","level":"info"}
{"message":"First name added","level":"info"}
{"message":"Last name added","level":"info"}
{"message":"Post Code added","level":"info"}
{"message":"Open Account Button is clicked","level":"info"}
{"message":"Open Account Button is clicked","level":"info"}
{"message":"Open Account Button is clicked","level":"info"}
{"message":"Iside Customers Page","level":"info"}
{"message":"Customer details found","level":"info"}
{"message":"launching the url","level":"info"}
{"message":"Manager button is clicked","level":"info"}
{"message":"Add Customer Button is Clicked","level":"info"}
{"message":"First name added","level":"info"}
{"message":"Last name added","level":"info"}
{"message":"Post Code added","level":"info"}
{"message":"Open Account Button is clicked","level":"info"}
{"message":"Open Account Button is clicked","level":"info"}
{"message":"Open Account Button is clicked","level":"info"}
{"message":"Iside Customers Page","level":"info"}
{"message":"Customer details found","level":"info"}
{"message":"launching the url","level":"info"}
{"message":"Add Customer Button is Clicked","level":"info"}
{"message":"First name added","level":"info"}
{"message":"Last name added","level":"info"}
{"message":"Post Code added","level":"info"}
{"message":"Open Account Button is clicked","level":"info"}
{"message":"Open Account Button is clicked","level":"info"}
{"message":"Open Account Button is clicked","level":"info"}
{"message":"Iside Customers Page","level":"info"}
{"message":"Customer details found","level":"info"}
{"message":"launching the url","level":"info"}
{"message":"Add Customer Button is Clicked","level":"info"}
{"message":"First name added","level":"info"}
{"message":"Last name added","level":"info"}
{"message":"Post Code added","level":"info"}
{"message":"Open Account Button is clicked","level":"info"}
{"message":"Open Account Button is clicked","level":"info"}
{"message":"Open Account Button is clicked","level":"info"}
{"message":"Iside Customers Page","level":"info"}
{"message":"Customer details found","level":"info"}
{"message":"launching the url","level":"info"}
{"message":"Manager button is clicked","level":"info"}
{"message":"Add Customer Button is Clicked","level":"info"}
{"message":"First name added","level":"info"}
{"message":"Last name added","level":"info"}
{"message":"Post Code added","level":"info"}
{"message":"Open Account Button is clicked","level":"info"}
{"message":"Open Account Button is clicked","level":"info"}
{"message":"Open Account Button is clicked","level":"info"}
{"message":"Iside Customers Page","level":"info"}
{"message":"Customer details found","level":"info"}
{"message":"launching the url","level":"info"}
{"message":"Manager button is clicked","level":"info"}
{"message":"Add Customer Button is Clicked","level":"info"}
{"message":"First name added","level":"info"}
{"message":"Last name added","level":"info"}
{"message":"Post Code added","level":"info"}
{"message":"Open Account Button is clicked","level":"info"}
{"message":"Open Account Button is clicked","level":"info"}
{"message":"Open Account Button is clicked","level":"info"}
{"message":"Iside Customers Page","level":"info"}
{"message":"Customer details found","level":"info"}
{"message":"launching the url","level":"info"}
{"message":"Manager button is clicked","level":"info"}
{"message":"Add Customer Button is Clicked","level":"info"}
{"message":"First name added","level":"info"}
{"message":"Last name added","level":"info"}
{"message":"Post Code added","level":"info"}
{"message":"Open Account Button is clicked","level":"info"}
{"message":"Open Account Button is clicked","level":"info"}
{"message":"Open Account Button is clicked","level":"info"}
{"message":"Iside Customers Page","level":"info"}
{"message":"Customer details found","level":"info"}
{"message":"launching the url","level":"info"}
{"message":"Customer Button is clicked","level":"info"}
{"message":"Harry Potter is selected","level":"info"}
{"message":"validation is done for account 1004,1005,1006","level":"info"}
{"message":"inside transaction page","level":"info"}
{"message":"Returned to Harrypotter user page","level":"info"}
{"message":"Deposit button is clicked","level":"info"}
{"message":"amount entered in amount to be deposited field","level":"info"}
{"message":"amount submitted","level":"info"}
{"message":"Clicking on Transaction page","level":"info"}
{"message":"Amount Validated","level":"info"}
{"message":"returning to page","level":"info"}
{"message":"clicking on Withdrawl page","level":"info"}
{"message":"Amount entered withdrawl field","level":"info"}
{"message":"withdrawl button is clicked","level":"info"}
{"message":"Error msg is displayed","level":"info"}
{"message":"clicking on Withdrawl page","level":"info"}
{"message":"valid amount entered in withdrawl field","level":"info"}
{"message":"withdrawl button is clicked","level":"info"}
{"message":"Transaction successful","level":"info"}
{"message":"Transaction page is clicked","level":"info"}
